<?xml version="1.0" encoding="UTF-8"?>
<!-- Generated by org.testng.reporters.JUnitReportReporter -->
<testsuite skipped="0" hostname="AMITSDELLXPS" name="testcases.TestUserPage" tests="4" failures="0" timestamp="2020-05-05T01:17:03 EDT" time="45.799" errors="0">
  <testcase name="createUser" time="13.688" classname="testcases.TestUserPage"/>
  <system-out>
LOG INFO: wait LOG INFO: Enter Username LOG INFO: wait LOG INFO: Enter Password LOG INFO: Click on Login Button LOG INFO: Click on Admin Tab LOG INFO: wait LOG INFO: Type Emp Name LOG INFO: wait LOG INFO: Type Username LOG INFO: wait LOG INFO: Type password LOG INFO: wait LOG INFO: Type confirmPassword LOG INFO: Click on Save Button LOG INFO: Verify success message on save LOG INFO: click on Welcome Message LOG INFO: Click on logout link  </system-out>
  <testcase name="createUser" time="14.564" classname="testcases.TestUserPage"/>
  <system-out>
LOG INFO: wait LOG INFO: Enter Username LOG INFO: wait LOG INFO: Enter Password LOG INFO: Click on Login Button LOG INFO: Click on Admin Tab LOG INFO: wait LOG INFO: Type Emp Name LOG INFO: wait LOG INFO: Type Username LOG INFO: wait LOG INFO: Type password LOG INFO: wait LOG INFO: Type confirmPassword LOG INFO: Click on Save Button LOG INFO: Verify success message on save LOG INFO: click on Welcome Message LOG INFO: Click on logout link  </system-out>
  <testcase name="deleteUsers" time="8.876" classname="testcases.TestUserPage"/>
  <system-out>
LOG INFO: wait LOG INFO: Enter Username LOG INFO: wait LOG INFO: Enter Password LOG INFO: Click on Login Button LOG INFO: Click on Admin Tab LOG INFO: wait LOG INFO: Enter Username to be deleted LOG INFO: Click on Search Button LOG INFO: Select Username to be deleted LOG INFO: Click on delete button LOG INFO: Click on OK button on dialog box LOG INFO: click on Welcome Message LOG INFO: Click on logout link  </system-out>
  <testcase name="deleteUsers" time="8.671" classname="testcases.TestUserPage"/>
  <system-out>
LOG INFO: wait LOG INFO: Enter Username LOG INFO: wait LOG INFO: Enter Password LOG INFO: Click on Login Button LOG INFO: Click on Admin Tab LOG INFO: wait LOG INFO: Enter Username to be deleted LOG INFO: Click on Search Button LOG INFO: Select Username to be deleted LOG INFO: Click on delete button LOG INFO: Click on OK button on dialog box LOG INFO: click on Welcome Message LOG INFO: Click on logout link  </system-out>
</testsuite> <!-- testcases.TestUserPage -->
