<?xml version="1.0" encoding="UTF-8"?>
<!-- Generated by org.testng.reporters.JUnitReportReporter -->
<testsuite hostname="AMITSDELLXPS" name="pages.TestLoginPage" tests="1" failures="0" timestamp="22 Apr 2020 20:21:21 GMT" time="6.481" errors="0">
  <testcase name="testLoginToApplication" time="6.481" classname="pages.TestLoginPage"/>
</testsuite> <!-- pages.TestLoginPage -->
