<?xml version="1.0" encoding="UTF-8"?>
<!-- Generated by org.testng.reporters.JUnitReportReporter -->
<testsuite hostname="AMITSDELLXPS" name="testcases.TestUserPage" tests="4" failures="0" timestamp="1 May 2020 04:19:04 GMT" time="59.563" errors="0">
  <testcase name="createUser" time="17.818" classname="testcases.TestUserPage"/>
  <testcase name="deleteUsers" time="11.931" classname="testcases.TestUserPage"/>
  <testcase name="createUser" time="17.427" classname="testcases.TestUserPage"/>
  <testcase name="deleteUsers" time="12.387" classname="testcases.TestUserPage"/>
</testsuite> <!-- testcases.TestUserPage -->
