<?xml version="1.0" encoding="UTF-8"?>
<!-- Generated by org.testng.reporters.JUnitReportReporter -->
<testsuite hostname="AMITSDELLXPS" name="testcases.TestLoginPage" tests="1" failures="0" timestamp="1 May 2020 17:25:23 GMT" time="7.078" errors="0">
  <testcase name="testLoginToApplication" time="7.078" classname="testcases.TestLoginPage"/>
</testsuite> <!-- testcases.TestLoginPage -->
