<?xml version="1.0" encoding="UTF-8"?>
<!-- Generated by org.testng.reporters.JUnitReportReporter -->
<testsuite hostname="AMITSDELLXPS" name="testcases.GoogleTest" tests="1" failures="0" timestamp="23 Apr 2020 15:58:38 GMT" time="6.578" errors="0">
  <testcase name="testGoogle" time="6.578" classname="testcases.GoogleTest"/>
</testsuite> <!-- testcases.GoogleTest -->
