<?xml version="1.0" encoding="UTF-8"?>
<!-- Generated by org.testng.reporters.JUnitReportReporter -->
<testsuite hostname="AMITSDELLXPS" name="testcases.Test1" tests="1" failures="0" timestamp="1 May 2020 02:31:59 GMT" time="3.505" errors="0">
  <testcase name="login" time="3.505" classname="testcases.Test1"/>
</testsuite> <!-- testcases.Test1 -->
