<?xml version="1.0" encoding="UTF-8"?>
<!-- Generated by org.testng.reporters.JUnitReportReporter -->
<testsuite skipped="0" hostname="AMITSDELLXPS" name="testcases.TestLoginPage" tests="1" failures="0" timestamp="2020-05-05T01:00:40 EDT" time="4.757" errors="0">
  <testcase name="testLoginToApplication" time="4.757" classname="testcases.TestLoginPage"/>
  <system-out>
LOG INFO: wait LOG INFO: Enter Username LOG INFO: wait LOG INFO: Enter Password LOG INFO: Click on Login Button  </system-out>
</testsuite> <!-- testcases.TestLoginPage -->
